  ConsoleTetris.cpp
c:\users\ssd\source\repos\consoletetris\consoletetris\consoletetris.cpp(48): warning C4018: <: несоответствие типов со знаком и без знака
c:\users\ssd\source\repos\consoletetris\consoletetris\consoletetris.cpp(50): warning C4018: <: несоответствие типов со знаком и без знака
c:\users\ssd\source\repos\consoletetris\consoletetris\consoletetris.cpp(53): warning C4267: аргумент: преобразование из "size_t" в "short"; возможна потеря данных
c:\users\ssd\source\repos\consoletetris\consoletetris\consoletetris.cpp(88): warning C4018: <: несоответствие типов со знаком и без знака
c:\users\ssd\source\repos\consoletetris\consoletetris\consoletetris.cpp(117): warning C4267: аргумент: преобразование из "size_t" в "short"; возможна потеря данных
c:\users\ssd\source\repos\consoletetris\consoletetris\consoletetris.cpp(118): warning C4267: аргумент: преобразование из "size_t" в "short"; возможна потеря данных
c:\users\ssd\source\repos\consoletetris\consoletetris\consoletetris.cpp(120): warning C4267: аргумент: преобразование из "size_t" в "short"; возможна потеря данных
c:\users\ssd\source\repos\consoletetris\consoletetris\consoletetris.cpp(122): warning C4267: аргумент: преобразование из "size_t" в "short"; возможна потеря данных
c:\users\ssd\source\repos\consoletetris\consoletetris\consoletetris.cpp(125): warning C4267: аргумент: преобразование из "size_t" в "short"; возможна потеря данных
c:\users\ssd\source\repos\consoletetris\consoletetris\consoletetris.cpp(127): warning C4267: аргумент: преобразование из "size_t" в "short"; возможна потеря данных
c:\users\ssd\source\repos\consoletetris\consoletetris\consoletetris.cpp(131): warning C4267: аргумент: преобразование из "size_t" в "short"; возможна потеря данных
c:\users\ssd\source\repos\consoletetris\consoletetris\consoletetris.cpp(133): warning C4267: аргумент: преобразование из "size_t" в "short"; возможна потеря данных
c:\users\ssd\source\repos\consoletetris\consoletetris\consoletetris.cpp(136): warning C4267: аргумент: преобразование из "size_t" в "short"; возможна потеря данных
c:\users\ssd\source\repos\consoletetris\consoletetris\consoletetris.cpp(138): warning C4267: аргумент: преобразование из "size_t" в "short"; возможна потеря данных
c:\users\ssd\source\repos\consoletetris\consoletetris\consoletetris.cpp(141): warning C4267: аргумент: преобразование из "size_t" в "short"; возможна потеря данных
  Создание кода
  1 of 199 functions ( 0.5%) were compiled, the rest were copied from previous compilation.
    0 functions were new in current compilation
    0 functions had inline decision re-evaluated but remain unchanged
  Создание кода завершено
  ConsoleTetris.vcxproj -> C:\Users\SSD\source\repos\ConsoleTetris\Release\ConsoleTetris.exe
